<?xml version="1.0" encoding="UTF-8"?>
<!-- Generated by org.testng.reporters.JUnitXMLReporter -->
<testsuite hostname="LAPTOP-43BFCA24" failures="1" tests="1" name="Sprint1" time="29.165" errors="0" timestamp="22 Jul 2020 21:39:01 GMT">
  <testcase classname="Scuba.ParaBank" name="Register" time="0.008">
    <failure type="java.lang.Error" message="Unresolved compilation problems: 
	Unhandled exception type IOException
	Unhandled exception type IOException
	Unhandled exception type IOException
	Unhandled exception type IOException
	Unhandled exception type IOException
	Unhandled exception type IOException
	Unhandled exception type IOException
	Unhandled exception type IOException
	Unhandled exception type IOException
	Unhandled exception type IOException
	Unhandled exception type IOException
">
      <![CDATA[java.lang.Error: Unresolved compilation problems: 
	Unhandled exception type IOException
	Unhandled exception type IOException
	Unhandled exception type IOException
	Unhandled exception type IOException
	Unhandled exception type IOException
	Unhandled exception type IOException
	Unhandled exception type IOException
	Unhandled exception type IOException
	Unhandled exception type IOException
	Unhandled exception type IOException
	Unhandled exception type IOException

	at Scuba.ParaBank.Register(ParaBank.java:39)
... Removed 24 stack frames]]>
    </failure>
  </testcase> <!-- Register -->
</testsuite> <!-- Sprint1 -->
