<?xml version="1.0" encoding="UTF-8"?>
<testng-results total="2" passed="2" failed="0" skipped="0">
  <reporter-output>
  </reporter-output>
  <suite started-at="2020-07-05T10:06:13Z" name="Default suite" finished-at="2020-07-05T10:06:13Z" duration-ms="33">
    <groups>
    </groups>
    <test started-at="2020-07-05T10:06:13Z" name="Default test" finished-at="2020-07-05T10:06:13Z" duration-ms="33">
      <class name="Demo.NewTest">
        <test-method signature="f()[pri:0, instance:Demo.NewTest@15761df8]" started-at="2020-07-05T13:06:13Z" name="f" finished-at="2020-07-05T13:06:13Z" duration-ms="12" status="PASS">
          <reporter-output>
          </reporter-output>
        </test-method> <!-- f -->
        <test-method signature="fdf()[pri:0, instance:Demo.NewTest@15761df8]" started-at="2020-07-05T13:06:13Z" name="fdf" finished-at="2020-07-05T13:06:13Z" duration-ms="2" status="PASS">
          <reporter-output>
          </reporter-output>
        </test-method> <!-- fdf -->
      </class> <!-- Demo.NewTest -->
    </test> <!-- Default test -->
  </suite> <!-- Default suite -->
</testng-results>
